2023-07-25 14:34:36.747  INFO 19280 --- [restartedMain] com.msclientes.MsclientesApplication     : Starting MsclientesApplication using Java 17.0.6 on DESKTOP-27D55CB with PID 19280 (C:\Users\vitu\Documents\Projects\mensageria-rabbit\msclientes\target\classes started by vitu in C:\Users\vitu\Documents\Projects\mensageria-rabbit\msclientes)
2023-07-25 14:34:36.748  INFO 19280 --- [restartedMain] com.msclientes.MsclientesApplication     : No active profile set, falling back to 1 default profile: "default"
2023-07-25 14:34:36.776  INFO 19280 --- [restartedMain] .e.DevToolsPropertyDefaultsPostProcessor : Devtools property defaults active! Set 'spring.devtools.add-properties' to 'false' to disable
2023-07-25 14:34:36.776  INFO 19280 --- [restartedMain] .e.DevToolsPropertyDefaultsPostProcessor : For additional web related logging consider setting the 'logging.level.web' property to 'DEBUG'
2023-07-25 14:34:37.319  INFO 19280 --- [restartedMain] .s.d.r.c.RepositoryConfigurationDelegate : Bootstrapping Spring Data JPA repositories in DEFAULT mode.
2023-07-25 14:34:37.405  INFO 19280 --- [restartedMain] .s.d.r.c.RepositoryConfigurationDelegate : Finished Spring Data repository scanning in 81 ms. Found 1 JPA repository interfaces.
2023-07-25 14:34:37.549  INFO 19280 --- [restartedMain] o.s.cloud.context.scope.GenericScope     : BeanFactory id=b2be6a96-be3c-33c9-833b-bfa9d5259c2e
2023-07-25 14:34:37.902  INFO 19280 --- [restartedMain] o.s.b.w.embedded.tomcat.TomcatWebServer  : Tomcat initialized with port(s): 0 (http)
2023-07-25 14:34:37.908  INFO 19280 --- [restartedMain] o.apache.catalina.core.StandardService   : Starting service [Tomcat]
2023-07-25 14:34:37.908  INFO 19280 --- [restartedMain] org.apache.catalina.core.StandardEngine  : Starting Servlet engine: [Apache Tomcat/9.0.76]
2023-07-25 14:34:37.967  INFO 19280 --- [restartedMain] o.a.c.c.C.[Tomcat].[localhost].[/]       : Initializing Spring embedded WebApplicationContext
2023-07-25 14:34:37.968  INFO 19280 --- [restartedMain] w.s.c.ServletWebServerApplicationContext : Root WebApplicationContext: initialization completed in 1191 ms
2023-07-25 14:34:38.057  INFO 19280 --- [restartedMain] com.zaxxer.hikari.HikariDataSource       : HikariPool-1 - Starting...
2023-07-25 14:34:38.223  INFO 19280 --- [restartedMain] com.zaxxer.hikari.HikariDataSource       : HikariPool-1 - Start completed.
2023-07-25 14:34:38.230  INFO 19280 --- [restartedMain] o.s.b.a.h2.H2ConsoleAutoConfiguration    : H2 console available at '/h2-console'. Database available at 'jdbc:h2:mem:f3de80f6-82d4-4b82-b030-0a87d4ae6f3a'
2023-07-25 14:34:38.356  INFO 19280 --- [restartedMain] o.hibernate.jpa.internal.util.LogHelper  : HHH000204: Processing PersistenceUnitInfo [name: default]
2023-07-25 14:34:38.388  INFO 19280 --- [restartedMain] org.hibernate.Version                    : HHH000412: Hibernate ORM core version 5.6.15.Final
2023-07-25 14:34:38.491  INFO 19280 --- [restartedMain] o.hibernate.annotations.common.Version   : HCANN000001: Hibernate Commons Annotations {5.1.2.Final}
2023-07-25 14:34:38.566  INFO 19280 --- [restartedMain] org.hibernate.dialect.Dialect            : HHH000400: Using dialect: org.hibernate.dialect.H2Dialect
2023-07-25 14:34:38.896  INFO 19280 --- [restartedMain] o.h.e.t.j.p.i.JtaPlatformInitiator       : HHH000490: Using JtaPlatform implementation: [org.hibernate.engine.transaction.jta.platform.internal.NoJtaPlatform]
2023-07-25 14:34:38.903  INFO 19280 --- [restartedMain] j.LocalContainerEntityManagerFactoryBean : Initialized JPA EntityManagerFactory for persistence unit 'default'
2023-07-25 14:34:39.129  WARN 19280 --- [restartedMain] JpaBaseConfiguration$JpaWebConfiguration : spring.jpa.open-in-view is enabled by default. Therefore, database queries may be performed during view rendering. Explicitly configure spring.jpa.open-in-view to disable this warning
2023-07-25 14:34:39.511  WARN 19280 --- [restartedMain] o.s.b.d.a.OptionalLiveReloadServer       : Unable to start LiveReload server
2023-07-25 14:34:39.545  INFO 19280 --- [restartedMain] DiscoveryClientOptionalArgsConfiguration : Eureka HTTP Client uses RestTemplate.
2023-07-25 14:34:39.579  WARN 19280 --- [restartedMain] iguration$LoadBalancerCaffeineWarnLogger : Spring Cloud LoadBalancer is currently working with the default cache. While this cache implementation is useful for development and tests, it's recommended to use Caffeine cache in production.You can switch to using Caffeine cache, by adding it and org.springframework.cache.caffeine.CaffeineCacheManager to the classpath.
2023-07-25 14:34:39.582  INFO 19280 --- [restartedMain] o.s.b.a.e.web.EndpointLinksResolver      : Exposing 17 endpoint(s) beneath base path '/actuator'
2023-07-25 14:34:39.633  INFO 19280 --- [restartedMain] o.s.b.w.embedded.tomcat.TomcatWebServer  : Tomcat started on port(s): 53076 (http) with context path ''
2023-07-25 14:34:39.634  INFO 19280 --- [restartedMain] .s.c.n.e.s.EurekaAutoServiceRegistration : Updating port to 53076
2023-07-25 14:34:39.637  INFO 19280 --- [restartedMain] o.s.c.n.eureka.InstanceInfoFactory       : Setting initial instance status as: STARTING
2023-07-25 14:34:39.661  INFO 19280 --- [restartedMain] com.netflix.discovery.DiscoveryClient    : Initializing Eureka in region us-east-1
2023-07-25 14:34:39.663  INFO 19280 --- [restartedMain] c.n.d.s.r.aws.ConfigClusterResolver      : Resolving eureka endpoints via configuration
2023-07-25 14:34:39.679  INFO 19280 --- [restartedMain] com.netflix.discovery.DiscoveryClient    : Disable delta property : false
2023-07-25 14:34:39.679  INFO 19280 --- [restartedMain] com.netflix.discovery.DiscoveryClient    : Single vip registry refresh property : null
2023-07-25 14:34:39.679  INFO 19280 --- [restartedMain] com.netflix.discovery.DiscoveryClient    : Force full registry fetch : false
2023-07-25 14:34:39.679  INFO 19280 --- [restartedMain] com.netflix.discovery.DiscoveryClient    : Application is null : false
2023-07-25 14:34:39.679  INFO 19280 --- [restartedMain] com.netflix.discovery.DiscoveryClient    : Registered Applications size is zero : true
2023-07-25 14:34:39.679  INFO 19280 --- [restartedMain] com.netflix.discovery.DiscoveryClient    : Application version is -1: true
2023-07-25 14:34:39.680  INFO 19280 --- [restartedMain] com.netflix.discovery.DiscoveryClient    : Getting all instance registry info from the eureka server
2023-07-25 14:34:39.950  INFO 19280 --- [restartedMain] com.netflix.discovery.DiscoveryClient    : The response status is 200
2023-07-25 14:34:39.952  INFO 19280 --- [restartedMain] com.netflix.discovery.DiscoveryClient    : Starting heartbeat executor: renew interval is: 30
2023-07-25 14:34:39.955  INFO 19280 --- [restartedMain] c.n.discovery.InstanceInfoReplicator     : InstanceInfoReplicator onDemand update allowed rate per min is 4
2023-07-25 14:34:39.958  INFO 19280 --- [restartedMain] com.netflix.discovery.DiscoveryClient    : Discovery Client initialized at timestamp 1690306479957 with initial instances count: 4
2023-07-25 14:34:39.959  INFO 19280 --- [restartedMain] o.s.c.n.e.s.EurekaServiceRegistry        : Registering application MSCLIENTES with eureka with status UP
2023-07-25 14:34:39.959  INFO 19280 --- [restartedMain] com.netflix.discovery.DiscoveryClient    : Saw local status change event StatusChangeEvent [timestamp=1690306479959, current=UP, previous=STARTING]
2023-07-25 14:34:39.960  INFO 19280 --- [DiscoveryClient-InstanceInfoReplicator-0] com.netflix.discovery.DiscoveryClient    : DiscoveryClient_MSCLIENTES/msclientes:bf3a661b00af861ded35d668f4124972 : registering service...
2023-07-25 14:34:39.996  INFO 19280 --- [restartedMain] com.msclientes.MsclientesApplication     : Started MsclientesApplication in 3.555 seconds (JVM running for 3.989)
2023-07-25 14:34:40.041  INFO 19280 --- [DiscoveryClient-InstanceInfoReplicator-0] com.netflix.discovery.DiscoveryClient    : DiscoveryClient_MSCLIENTES/msclientes:bf3a661b00af861ded35d668f4124972  - registration status: 204
2023-07-25 14:34:40.188  INFO 19280 --- [RMI TCP Connection(3)-172.28.16.1] o.a.c.c.C.[Tomcat].[localhost].[/]       : Initializing Spring DispatcherServlet 'dispatcherServlet'
2023-07-25 14:34:40.188  INFO 19280 --- [RMI TCP Connection(3)-172.28.16.1] o.s.web.servlet.DispatcherServlet        : Initializing Servlet 'dispatcherServlet'
2023-07-25 14:34:40.189  INFO 19280 --- [RMI TCP Connection(3)-172.28.16.1] o.s.web.servlet.DispatcherServlet        : Completed initialization in 1 ms
2023-07-25 14:35:09.965  INFO 19280 --- [DiscoveryClient-HeartbeatExecutor-0] com.netflix.discovery.DiscoveryClient    : DiscoveryClient_MSCLIENTES/msclientes:bf3a661b00af861ded35d668f4124972  - Re-registering apps/MSCLIENTES
2023-07-25 14:35:09.965  INFO 19280 --- [DiscoveryClient-HeartbeatExecutor-0] com.netflix.discovery.DiscoveryClient    : DiscoveryClient_MSCLIENTES/msclientes:bf3a661b00af861ded35d668f4124972 : registering service...
2023-07-25 14:35:09.967  INFO 19280 --- [DiscoveryClient-HeartbeatExecutor-0] com.netflix.discovery.DiscoveryClient    : DiscoveryClient_MSCLIENTES/msclientes:bf3a661b00af861ded35d668f4124972  - registration status: 204
2023-07-25 14:35:39.974  INFO 19280 --- [DiscoveryClient-HeartbeatExecutor-0] com.netflix.discovery.DiscoveryClient    : DiscoveryClient_MSCLIENTES/msclientes:bf3a661b00af861ded35d668f4124972  - Re-registering apps/MSCLIENTES
2023-07-25 14:35:39.975  INFO 19280 --- [DiscoveryClient-HeartbeatExecutor-0] com.netflix.discovery.DiscoveryClient    : DiscoveryClient_MSCLIENTES/msclientes:bf3a661b00af861ded35d668f4124972 : registering service...
2023-07-25 14:35:39.976  INFO 19280 --- [DiscoveryClient-HeartbeatExecutor-0] com.netflix.discovery.DiscoveryClient    : DiscoveryClient_MSCLIENTES/msclientes:bf3a661b00af861ded35d668f4124972  - registration status: 204
2023-07-25 14:36:09.981  INFO 19280 --- [DiscoveryClient-HeartbeatExecutor-0] com.netflix.discovery.DiscoveryClient    : DiscoveryClient_MSCLIENTES/msclientes:bf3a661b00af861ded35d668f4124972  - Re-registering apps/MSCLIENTES
2023-07-25 14:36:09.981  INFO 19280 --- [DiscoveryClient-HeartbeatExecutor-0] com.netflix.discovery.DiscoveryClient    : DiscoveryClient_MSCLIENTES/msclientes:bf3a661b00af861ded35d668f4124972 : registering service...
2023-07-25 14:36:09.983  INFO 19280 --- [DiscoveryClient-HeartbeatExecutor-0] com.netflix.discovery.DiscoveryClient    : DiscoveryClient_MSCLIENTES/msclientes:bf3a661b00af861ded35d668f4124972  - registration status: 204
2023-07-25 14:36:39.991  INFO 19280 --- [DiscoveryClient-HeartbeatExecutor-0] com.netflix.discovery.DiscoveryClient    : DiscoveryClient_MSCLIENTES/msclientes:bf3a661b00af861ded35d668f4124972  - Re-registering apps/MSCLIENTES
2023-07-25 14:36:39.991  INFO 19280 --- [DiscoveryClient-HeartbeatExecutor-0] com.netflix.discovery.DiscoveryClient    : DiscoveryClient_MSCLIENTES/msclientes:bf3a661b00af861ded35d668f4124972 : registering service...
2023-07-25 14:36:39.993  INFO 19280 --- [DiscoveryClient-HeartbeatExecutor-0] com.netflix.discovery.DiscoveryClient    : DiscoveryClient_MSCLIENTES/msclientes:bf3a661b00af861ded35d668f4124972  - registration status: 204
